27.10.2012 02:43:06 org.apache.catalina.core.AprLifecycleListener init
INFO: The APR based Apache Tomcat Native library which allows optimal performance in production environments was not found on the java.library.path: C:\Program Files (x86)\Java\jre1.6.0_02\bin;.;C:\Windows\Sun\Java\bin;C:\Windows\system32;C:\Windows;C:\Windows\System32\Wbem;C:\Users\Shazem\Desktop\xerces-c_2_8_0-x86-windows-vc_8_0\bin;%PATH%;C:\Program Files\Common Files\Microsoft Shared\Windows Live
27.10.2012 02:43:07 org.apache.coyote.AbstractProtocol init
INFO: Initializing ProtocolHandler ["http-bio-8080"]
27.10.2012 02:43:07 org.apache.coyote.AbstractProtocol init
INFO: Initializing ProtocolHandler ["ajp-bio-8009"]
27.10.2012 02:43:07 org.apache.catalina.startup.Catalina load
INFO: Initialization processed in 482 ms
27.10.2012 02:43:07 org.apache.catalina.core.StandardService startInternal
INFO: Starting service Catalina
27.10.2012 02:43:07 org.apache.catalina.core.StandardEngine startInternal
INFO: Starting Servlet Engine: Apache Tomcat/7.0.32
27.10.2012 02:43:07 org.apache.catalina.startup.HostConfig deployDirectory
INFO: Deploying web application directory C:\Program Files (x86)\apache-tomcat-7.0.32\webapps\docs
27.10.2012 02:43:07 org.apache.catalina.startup.HostConfig deployDirectory
INFO: Deploying web application directory C:\Program Files (x86)\apache-tomcat-7.0.32\webapps\examples
27.10.2012 02:43:07 org.apache.catalina.startup.HostConfig deployDirectory
INFO: Deploying web application directory C:\Program Files (x86)\apache-tomcat-7.0.32\webapps\host-manager
27.10.2012 02:43:07 org.apache.catalina.startup.HostConfig deployDirectory
INFO: Deploying web application directory C:\Program Files (x86)\apache-tomcat-7.0.32\webapps\manager
27.10.2012 02:43:07 org.apache.catalina.startup.HostConfig deployDirectory
INFO: Deploying web application directory C:\Program Files (x86)\apache-tomcat-7.0.32\webapps\ROOT
27.10.2012 02:43:07 org.apache.coyote.AbstractProtocol start
INFO: Starting ProtocolHandler ["http-bio-8080"]
27.10.2012 02:43:07 org.apache.coyote.AbstractProtocol start
INFO: Starting ProtocolHandler ["ajp-bio-8009"]
27.10.2012 02:43:07 org.apache.catalina.startup.Catalina start
INFO: Server startup in 609 ms
27.10.2012 02:58:24 org.apache.catalina.core.StandardServer await
INFO: A valid shutdown command was received via the shutdown port. Stopping the Server instance.
27.10.2012 02:58:24 org.apache.coyote.AbstractProtocol pause
INFO: Pausing ProtocolHandler ["http-bio-8080"]
27.10.2012 02:58:24 org.apache.coyote.AbstractProtocol pause
INFO: Pausing ProtocolHandler ["ajp-bio-8009"]
27.10.2012 02:58:24 org.apache.catalina.core.StandardService stopInternal
INFO: Stopping service Catalina
27.10.2012 02:58:24 org.apache.coyote.AbstractProtocol stop
INFO: Stopping ProtocolHandler ["http-bio-8080"]
27.10.2012 02:58:24 org.apache.coyote.AbstractProtocol stop
INFO: Stopping ProtocolHandler ["ajp-bio-8009"]
27.10.2012 02:58:24 org.apache.coyote.AbstractProtocol destroy
INFO: Destroying ProtocolHandler ["http-bio-8080"]
27.10.2012 02:58:24 org.apache.coyote.AbstractProtocol destroy
INFO: Destroying ProtocolHandler ["ajp-bio-8009"]
